[debug] [2022-04-29T15:05:55.685Z] ----------------------------------------------------------------------
[debug] [2022-04-29T15:05:55.690Z] Command:       D:\Program Files\node\node.exe C:\Users\Administrator\AppData\Roaming\npm\node_modules\firebase-tools\lib\bin\firebase.js init
[debug] [2022-04-29T15:05:55.691Z] CLI Version:   10.7.2
[debug] [2022-04-29T15:05:55.692Z] Platform:      win32
[debug] [2022-04-29T15:05:55.692Z] Node Version:  v16.13.1
[debug] [2022-04-29T15:05:55.694Z] Time:          Fri Apr 29 2022 22:05:55 GMT+0700 (Giờ Đông Dương)
[debug] [2022-04-29T15:05:55.694Z] ----------------------------------------------------------------------
[debug] 
[debug] [2022-04-29T15:05:55.710Z] > command requires scopes: ["email","openid","https://www.googleapis.com/auth/cloudplatformprojects.readonly","https://www.googleapis.com/auth/firebase","https://www.googleapis.com/auth/cloud-platform"]
[debug] [2022-04-29T15:05:55.711Z] > authorizing via signed-in user (miktae07@gmail.com)
[info] 
     ######## #### ########  ######## ########     ###     ######  ########
     ##        ##  ##     ## ##       ##     ##  ##   ##  ##       ##
     ######    ##  ########  ######   ########  #########  ######  ######
     ##        ##  ##    ##  ##       ##     ## ##     ##       ## ##
     ##       #### ##     ## ######## ########  ##     ##  ######  ########

You're about to initialize a Firebase project in this directory:

  D:\Thiet ke web\MindX tutorial\JSB42\Projects\3

[info] 
=== Project Setup
[info] 
[info] First, let's associate this project directory with a Firebase project.
[info] You can create multiple project aliases by running firebase use --add, 
[info] but for now we'll just set up a default project.
[info] 
[debug] [2022-04-29T15:06:32.528Z] > refreshing access token with scopes: []
[debug] [2022-04-29T15:06:32.530Z] >>> HTTP REQUEST POST https://www.googleapis.com/oauth2/v3/token  
 <request body omitted>
[debug] [2022-04-29T15:06:32.876Z] <<< HTTP RESPONSE 200 {"cache-control":"no-cache, no-store, max-age=0, must-revalidate","expires":"Mon, 01 Jan 1990 00:00:00 GMT","pragma":"no-cache","date":"Fri, 29 Apr 2022 15:06:32 GMT","content-type":"application/json; charset=utf-8","vary":"X-Origin, Referer, Origin,Accept-Encoding","server":"scaffolding on HTTPServer2","x-xss-protection":"0","x-frame-options":"SAMEORIGIN","x-content-type-options":"nosniff","alt-svc":"h3=\":443\"; ma=2592000,h3-29=\":443\"; ma=2592000,h3-Q050=\":443\"; ma=2592000,h3-Q046=\":443\"; ma=2592000,h3-Q043=\":443\"; ma=2592000,quic=\":443\"; ma=2592000; v=\"46,43\"","accept-ranges":"none","transfer-encoding":"chunked"}
[debug] [2022-04-29T15:06:32.896Z] >>> [apiv2][query] GET https://firebase.googleapis.com/v1beta1/projects pageSize=100
[debug] [2022-04-29T15:06:33.451Z] <<< [apiv2][status] GET https://firebase.googleapis.com/v1beta1/projects 200
[debug] [2022-04-29T15:06:33.451Z] <<< [apiv2][body] GET https://firebase.googleapis.com/v1beta1/projects [omitted]
